<?xml version="1.0" encoding="UTF-8"?>
<!-- Generated by org.testng.reporters.JUnitXMLReporter -->
<testsuite ignored="4" hostname="MC100032220" failures="1" tests="15" name="AMC Application" time="148.502" errors="0" timestamp="15 Jul 2022 11:54:30 GMT">
  <testcase classname="com.amc.qa.testcases.AMCLogInTestCases" name="LoginwithValidCredenticals" time="2.183"/>
  <testcase classname="com.amc.qa.testcases.TPVolumesTestCases" name="GenerateTPVolumesData" time="14.056"/>
  <testcase classname="com.amc.qa.testcases.WarHouseVolumePageTestCases" name="generateWarHouseVolumeData" time="13.026"/>
  <testcase classname="com.amc.qa.testcases.AMCLogInTestCases" name="LoginwithInvalidCredentials" time="2.184"/>
  <testcase classname="com.amc.qa.testcases.TPVolumesTestCases" name="VerifyTPVolumesPage" time="12.648"/>
  <testcase classname="com.amc.qa.testcases.WarHouseVolumePageTestCases" name="validateWMSSystemDropDownValues" time="6.423"/>
  <testcase classname="com.amc.qa.testcases.AMCLogInTestCases" name="VerifyForgotUsernameButton" time="6.261"/>
  <testcase classname="com.amc.qa.testcases.TPVolumesTestCases" name="ValidateTradingPartnerDropDownOptions" time="10.462">
    <failure type="java.lang.AssertionError" message="lists don&amp;apos;t have the same size expected [19] but found [18]">
      <![CDATA[java.lang.AssertionError: lists don't have the same size expected [19] but found [18]
	at com.amc.qa.testcases.TPVolumesTestCases.ValidateTradingPartnerDropDownOptions(TPVolumesTestCases.java:70)
... Removed 32 stack frames]]>
    </failure>
  </testcase> <!-- ValidateTradingPartnerDropDownOptions -->
  <testcase classname="com.amc.qa.testcases.WarHouseVolumePageTestCases" name="validateWarehoueDropDownValues" time="6.342"/>
  <testcase classname="com.amc.qa.testcases.AMCLogInTestCases" name="VerifyForgotPasswordButton" time="6.188"/>
  <testcase classname="com.amc.qa.testcases.TPVolumesTestCases" name="ValidateDocumentTypeDropDownOptions" time="7.48"/>
  <testcase classname="com.amc.qa.testcases.WarHouseVolumePageTestCases" name="validateDocumentTypeDropDownOptions" time="6.525"/>
  <testcase classname="com.amc.qa.testcases.AMCLogInTestCases" name="VerifyTPVolumes" time="4.205"/>
  <testcase classname="com.amc.qa.testcases.TPVolumesTestCases" name="ValidateStatusDropDownOptions" time="7.312"/>
  <testcase classname="com.amc.qa.testcases.WarHouseVolumePageTestCases" name="validateStatusDropDownOptions" time="6.344"/>
  <testcase classname="com.amc.qa.Baseclass.TestBase" name="@AfterTest endReport" time="0.0">
    <ignored/>
  </testcase> <!-- @AfterTest endReport -->
  <testcase classname="com.amc.qa.Baseclass.TestBase" name="@AfterTest endReport" time="0.0">
    <ignored/>
  </testcase> <!-- @AfterTest endReport -->
  <testcase classname="com.amc.qa.Baseclass.TestBase" name="@BeforeTest setLog4j" time="0.0">
    <ignored/>
  </testcase> <!-- @BeforeTest setLog4j -->
  <testcase classname="com.amc.qa.Baseclass.TestBase" name="@BeforeTest setLog4j" time="0.0">
    <ignored/>
  </testcase> <!-- @BeforeTest setLog4j -->
</testsuite> <!-- AMC Application -->
