<?xml version="1.0" encoding="UTF-8"?>
<!-- Generated by org.testng.reporters.JUnitXMLReporter -->
<testsuite hostname="MC100032220" ignored="8" name="AMC Application Automation TestCases" tests="33" failures="5" timestamp="27 Jul 2022 09:08:58 GMT" time="380.788" errors="0">
  <testcase name="LoginwithValidCredenticals" time="2.271" classname="com.amc.qa.testcases.AMCLogInTestCases"/>
  <testcase name="GenerateTPVolumesData" time="14.874" classname="com.amc.qa.testcases.TPVolumesTestCases"/>
  <testcase name="ValidateDocumentTypeDropDownOptions" time="7.624" classname="com.amc.qa.testcases.TPVolumesTestCases">
    <failure type="java.lang.AssertionError" message="lists don&amp;apos;t have the same size expected [23] but found [22]">
      <![CDATA[java.lang.AssertionError: lists don't have the same size expected [23] but found [22]
	at com.amc.qa.testcases.TPVolumesTestCases.ValidateDocumentTypeDropDownOptions(TPVolumesTestCases.java:97)
... Removed 32 stack frames]]>
    </failure>
  </testcase> <!-- ValidateDocumentTypeDropDownOptions -->
  <testcase name="ValidateStatusDropDownOptions" time="7.408" classname="com.amc.qa.testcases.TPVolumesTestCases"/>
  <testcase name="VerifyTPVolumesPage" time="13.06" classname="com.amc.qa.testcases.TPVolumesTestCases"/>
  <testcase name="generateWarHouseVolumeData" time="13.684" classname="com.amc.qa.testcases.WarHouseVolumePageTestCases"/>
  <testcase name="verifyDocmentRepositoryPageTitle" time="2.332" classname="com.amc.qa.testcases.WarHouseOrderManagementPageTestCases"/>
  <testcase name="verifyDocmentRepositoryPageTitle" time="2.277" classname="com.amc.qa.testcases.DocumentRepositoryPageTestCases"/>
  <testcase name="LoginwithInvalidCredentials" time="2.249" classname="com.amc.qa.testcases.AMCLogInTestCases"/>
  <testcase name="validateWMSSystemDropDownValues" time="6.493" classname="com.amc.qa.testcases.WarHouseVolumePageTestCases"/>
  <testcase name="validateWarHouseOrderManagementdataBaseRadioBtns" time="2.39" classname="com.amc.qa.testcases.WarHouseOrderManagementPageTestCases"/>
  <testcase name="ValidateDocRepositoryDataBaseRadioBtns" time="2.239" classname="com.amc.qa.testcases.DocumentRepositoryPageTestCases"/>
  <testcase name="VerifyForgotUsernameButton" time="6.445" classname="com.amc.qa.testcases.AMCLogInTestCases"/>
  <testcase name="ValidateTradingPartnerDropDownOptions" time="11.585" classname="com.amc.qa.testcases.TPVolumesTestCases">
    <failure type="java.lang.AssertionError" message="lists don&amp;apos;t have the same size expected [22] but found [18]">
      <![CDATA[java.lang.AssertionError: lists don't have the same size expected [22] but found [18]
	at com.amc.qa.testcases.TPVolumesTestCases.ValidateTradingPartnerDropDownOptions(TPVolumesTestCases.java:76)
... Removed 32 stack frames]]>
    </failure>
  </testcase> <!-- ValidateTradingPartnerDropDownOptions -->
  <testcase name="validateWarehoueDropDownValues" time="6.491" classname="com.amc.qa.testcases.WarHouseVolumePageTestCases">
    <failure type="java.lang.AssertionError" message="lists don&amp;apos;t have the same size expected [8] but found [6]">
      <![CDATA[java.lang.AssertionError: lists don't have the same size expected [8] but found [6]
	at com.amc.qa.testcases.WarHouseVolumePageTestCases.validateWarehoueDropDownValues(WarHouseVolumePageTestCases.java:96)
... Removed 32 stack frames]]>
    </failure>
  </testcase> <!-- validateWarehoueDropDownValues -->
  <testcase name="validateWarHouseOrderManagementAddFilterBtnAlertMessage" time="10.474" classname="com.amc.qa.testcases.WarHouseOrderManagementPageTestCases">
    <failure type="org.openqa.selenium.NoAlertPresentException" message="no such alert
  (Session info: chrome=103.0.5060.134)
Build info: version: &amp;apos;3.14.0&amp;apos;, revision: &amp;apos;aacccce0&amp;apos;, time: &amp;apos;2018-08-02T20:19:58.91Z&amp;apos;
System info: host: &amp;apos;MC100032220&amp;apos;, ip: &amp;apos;172.17.12.44&amp;apos;, os.name: &amp;apos;Windows 10&amp;apos;, os.arch: &amp;apos;amd64&amp;apos;, os.version: &amp;apos;10.0&amp;apos;, java.version: &amp;apos;1.8.0_333&amp;apos;
Driver info: org.openqa.selenium.chrome.ChromeDriver
Capabilities {acceptInsecureCerts: false, browserName: chrome, browserVersion: 103.0.5060.134, chrome: {chromedriverVersion: 103.0.5060.53 (a1711811edd7..., userDataDir: C:\Users\hanupoju\AppData\L...}, goog:chromeOptions: {debuggerAddress: localhost:61976}, javascriptEnabled: true, networkConnectionEnabled: false, pageLoadStrategy: normal, platform: WINDOWS, platformName: WINDOWS, proxy: Proxy(), setWindowRect: true, strictFileInteractability: false, timeouts: {implicit: 0, pageLoad: 300000, script: 30000}, unhandledPromptBehavior: dismiss and notify, webauthn:extension:credBlob: true, webauthn:extension:largeBlob: true, webauthn:virtualAuthenticators: true}
Session ID: 31503d2cfb6599a3abcbe5b31d6207e2">
      <![CDATA[org.openqa.selenium.NoAlertPresentException: no such alert
  (Session info: chrome=103.0.5060.134)
Build info: version: '3.14.0', revision: 'aacccce0', time: '2018-08-02T20:19:58.91Z'
System info: host: 'MC100032220', ip: '172.17.12.44', os.name: 'Windows 10', os.arch: 'amd64', os.version: '10.0', java.version: '1.8.0_333'
Driver info: org.openqa.selenium.chrome.ChromeDriver
Capabilities {acceptInsecureCerts: false, browserName: chrome, browserVersion: 103.0.5060.134, chrome: {chromedriverVersion: 103.0.5060.53 (a1711811edd7..., userDataDir: C:\Users\hanupoju\AppData\L...}, goog:chromeOptions: {debuggerAddress: localhost:61976}, javascriptEnabled: true, networkConnectionEnabled: false, pageLoadStrategy: normal, platform: WINDOWS, platformName: WINDOWS, proxy: Proxy(), setWindowRect: true, strictFileInteractability: false, timeouts: {implicit: 0, pageLoad: 300000, script: 30000}, unhandledPromptBehavior: dismiss and notify, webauthn:extension:credBlob: true, webauthn:extension:largeBlob: true, webauthn:virtualAuthenticators: true}
Session ID: 31503d2cfb6599a3abcbe5b31d6207e2
	at org.openqa.selenium.remote.http.W3CHttpResponseCodec.createException(W3CHttpResponseCodec.java:187)
	at org.openqa.selenium.remote.http.W3CHttpResponseCodec.decode(W3CHttpResponseCodec.java:122)
	at org.openqa.selenium.remote.http.W3CHttpResponseCodec.decode(W3CHttpResponseCodec.java:49)
	at org.openqa.selenium.remote.HttpCommandExecutor.execute(HttpCommandExecutor.java:158)
	at org.openqa.selenium.remote.service.DriverCommandExecutor.execute(DriverCommandExecutor.java:83)
	at org.openqa.selenium.remote.RemoteWebDriver.execute(RemoteWebDriver.java:548)
	at org.openqa.selenium.remote.RemoteWebDriver.execute(RemoteWebDriver.java:605)
	at org.openqa.selenium.remote.RemoteWebDriver$RemoteTargetLocator.alert(RemoteWebDriver.java:928)
	at org.openqa.selenium.support.events.EventFiringWebDriver$EventFiringTargetLocator.alert(EventFiringWebDriver.java:734)
	at com.amc.qa.pages.WarHouseOrderManagementPage.validateWarHouseOrderManagementAddFilterAlertMessage(WarHouseOrderManagementPage.java:108)
	at com.amc.qa.testcases.WarHouseOrderManagementPageTestCases.validateWarHouseOrderManagementAddFilterBtnAlertMessage(WarHouseOrderManagementPageTestCases.java:51)
... Removed 29 stack frames]]>
    </failure>
  </testcase> <!-- validateWarHouseOrderManagementAddFilterBtnAlertMessage -->
  <testcase name="ValidateDocRepositoryAddFilterBtnAlertMessage" time="10.393" classname="com.amc.qa.testcases.DocumentRepositoryPageTestCases"/>
  <testcase name="VerifyForgotPasswordButton" time="6.297" classname="com.amc.qa.testcases.AMCLogInTestCases"/>
  <testcase name="validateDocumentTypeDropDownOptions" time="6.615" classname="com.amc.qa.testcases.WarHouseVolumePageTestCases">
    <failure type="java.lang.AssertionError" message="lists don&amp;apos;t have the same size expected [23] but found [22]">
      <![CDATA[java.lang.AssertionError: lists don't have the same size expected [23] but found [22]
	at com.amc.qa.testcases.WarHouseVolumePageTestCases.validateDocumentTypeDropDownOptions(WarHouseVolumePageTestCases.java:120)
... Removed 32 stack frames]]>
    </failure>
  </testcase> <!-- validateDocumentTypeDropDownOptions -->
  <testcase name="validateWarHouseOrderManagementDocumentTypedropdown" time="4.467" classname="com.amc.qa.testcases.WarHouseOrderManagementPageTestCases"/>
  <testcase name="ValidateDocRepositoryDocumentTypedropdown" time="4.504" classname="com.amc.qa.testcases.DocumentRepositoryPageTestCases"/>
  <testcase name="VerifyTPVolumes" time="4.311" classname="com.amc.qa.testcases.AMCLogInTestCases"/>
  <testcase name="validateStatusDropDownOptions" time="6.395" classname="com.amc.qa.testcases.WarHouseVolumePageTestCases"/>
  <testcase name="validateWarHouseOrderManagementSenderdropdown" time="4.431" classname="com.amc.qa.testcases.WarHouseOrderManagementPageTestCases"/>
  <testcase name="ValidateDocRepositorySenderdropdown" time="4.446" classname="com.amc.qa.testcases.DocumentRepositoryPageTestCases"/>
  <testcase name="validateWarHouseOrderManagementReceiverdropdown" time="4.571" classname="com.amc.qa.testcases.WarHouseOrderManagementPageTestCases"/>
  <testcase name="ValidateDocRepositoryReceiverdropdown" time="4.415" classname="com.amc.qa.testcases.DocumentRepositoryPageTestCases"/>
  <testcase name="validateWarHouseOrderManagementWarHousedropdown" time="4.519" classname="com.amc.qa.testcases.WarHouseOrderManagementPageTestCases"/>
  <testcase name="ValidateDocRepositoryWarHousedropdown" time="4.371" classname="com.amc.qa.testcases.DocumentRepositoryPageTestCases"/>
  <testcase name="validateWarHouseOrderManagementCorrelationdropdown" time="4.495" classname="com.amc.qa.testcases.WarHouseOrderManagementPageTestCases"/>
  <testcase name="ValidateDocRepositoryCorrelationdropdown" time="4.439" classname="com.amc.qa.testcases.DocumentRepositoryPageTestCases"/>
  <testcase name="validateWarHouseOrderManagementStatusdropdown" time="4.456" classname="com.amc.qa.testcases.WarHouseOrderManagementPageTestCases"/>
  <testcase name="ValidateDocRepositoryStatusdropdown" time="4.326" classname="com.amc.qa.testcases.DocumentRepositoryPageTestCases"/>
  <testcase name="@AfterTest endReport" time="0.0" classname="com.amc.qa.Baseclass.TestBase">
    <ignored/>
  </testcase> <!-- @AfterTest endReport -->
  <testcase name="@AfterTest endReport" time="0.0" classname="com.amc.qa.Baseclass.TestBase">
    <ignored/>
  </testcase> <!-- @AfterTest endReport -->
  <testcase name="@AfterTest endReport" time="0.0" classname="com.amc.qa.Baseclass.TestBase">
    <ignored/>
  </testcase> <!-- @AfterTest endReport -->
  <testcase name="@AfterTest endReport" time="0.0" classname="com.amc.qa.Baseclass.TestBase">
    <ignored/>
  </testcase> <!-- @AfterTest endReport -->
  <testcase name="@BeforeTest setLog4j" time="0.0" classname="com.amc.qa.Baseclass.TestBase">
    <ignored/>
  </testcase> <!-- @BeforeTest setLog4j -->
  <testcase name="@BeforeTest setLog4j" time="0.0" classname="com.amc.qa.Baseclass.TestBase">
    <ignored/>
  </testcase> <!-- @BeforeTest setLog4j -->
  <testcase name="@BeforeTest setLog4j" time="0.0" classname="com.amc.qa.Baseclass.TestBase">
    <ignored/>
  </testcase> <!-- @BeforeTest setLog4j -->
  <testcase name="@BeforeTest setLog4j" time="0.0" classname="com.amc.qa.Baseclass.TestBase">
    <ignored/>
  </testcase> <!-- @BeforeTest setLog4j -->
</testsuite> <!-- AMC Application Automation TestCases -->
