<html>
<head>
<title>TestNG:  AMC Application Automation TestCases</title>
<link href="../testng.css" rel="stylesheet" type="text/css" />
<link href="../my-testng.css" rel="stylesheet" type="text/css" />

<style type="text/css">
.log { display: none;} 
.stack-trace { display: none;} 
</style>
<script type="text/javascript">
<!--
function flip(e) {
  current = e.style.display;
  if (current == 'block') {
    e.style.display = 'none';
    return 0;
  }
  else {
    e.style.display = 'block';
    return 1;
  }
}

function toggleBox(szDivId, elem, msg1, msg2)
{
  var res = -1;  if (document.getElementById) {
    res = flip(document.getElementById(szDivId));
  }
  else if (document.all) {
    // this is the way old msie versions work
    res = flip(document.all[szDivId]);
  }
  if(elem) {
    if(res == 0) elem.innerHTML = msg1; else elem.innerHTML = msg2;
  }

}

function toggleAllBoxes() {
  if (document.getElementsByTagName) {
    d = document.getElementsByTagName('div');
    for (i = 0; i < d.length; i++) {
      if (d[i].className == 'log') {
        flip(d[i]);
      }
    }
  }
}

// -->
</script>

</head>
<body>
<h2 align='center'>AMC Application Automation TestCases</h2><table border='1' align="center">
<tr>
<td>Tests passed/Failed/Skipped:</td><td>28/5/0</td>
</tr><tr>
<td>Started on:</td><td>Wed Jul 27 14:32:37 IST 2022</td>
</tr>
<tr><td>Total time:</td><td>380 seconds (380788 ms)</td>
</tr><tr>
<td>Included groups:</td><td></td>
</tr><tr>
<td>Excluded groups:</td><td></td>
</tr>
</table><p/>
<small><i>(Hover the method name to see the test class name)</i></small><p/>
<table width='100%' border='1' class='invocation-failed'>
<tr><td colspan='4' align='center'><b>FAILED TESTS</b></td></tr>
<tr><td><b>Test method</b></td>
<td width="30%"><b>Exception</b></td>
<td width="10%"><b>Time (seconds)</b></td>
<td><b>Instance</b></td>
</tr>
<tr>
<td title='com.amc.qa.testcases.TPVolumesTestCases.ValidateDocumentTypeDropDownOptions()'><b>ValidateDocumentTypeDropDownOptions</b><br>Test class: com.amc.qa.testcases.TPVolumesTestCases</td>
<td><div><pre>java.lang.AssertionError: lists don&apos;t have the same size expected [23] but found [22]
	at com.amc.qa.testcases.TPVolumesTestCases.ValidateDocumentTypeDropDownOptions(TPVolumesTestCases.java:97)
... Removed 32 stack frames</pre></div><a href='#' onClick='toggleBox("stack-trace1264754451", this, "Click to show all stack frames", "Click to hide stack frames")'>Click to show all stack frames</a>
<div class='stack-trace' id='stack-trace1264754451'><pre>java.lang.AssertionError: lists don&apos;t have the same size expected [23] but found [22]
	at org.testng.Assert.fail(Assert.java:93)
	at org.testng.Assert.failNotEquals(Assert.java:512)
	at org.testng.Assert.assertEqualsImpl(Assert.java:134)
	at org.testng.Assert.assertEquals(Assert.java:115)
	at org.testng.Assert.assertEquals(Assert.java:388)
	at org.testng.Assert.assertEquals(Assert.java:555)
	at org.testng.Assert.assertEquals(Assert.java:532)
	at com.amc.qa.testcases.TPVolumesTestCases.ValidateDocumentTypeDropDownOptions(TPVolumesTestCases.java:97)
	at sun.reflect.NativeMethodAccessorImpl.invoke0(Native Method)
	at sun.reflect.NativeMethodAccessorImpl.invoke(NativeMethodAccessorImpl.java:62)
	at sun.reflect.DelegatingMethodAccessorImpl.invoke(DelegatingMethodAccessorImpl.java:43)
	at java.lang.reflect.Method.invoke(Method.java:498)
	at org.testng.internal.MethodInvocationHelper.invokeMethod(MethodInvocationHelper.java:108)
	at org.testng.internal.Invoker.invokeMethod(Invoker.java:661)
	at org.testng.internal.Invoker.invokeTestMethod(Invoker.java:869)
	at org.testng.internal.Invoker.invokeTestMethods(Invoker.java:1193)
	at org.testng.internal.TestMethodWorker.invokeTestMethods(TestMethodWorker.java:126)
	at org.testng.internal.TestMethodWorker.run(TestMethodWorker.java:109)
	at org.testng.TestRunner.privateRun(TestRunner.java:744)
	at org.testng.TestRunner.run(TestRunner.java:602)
	at org.testng.SuiteRunner.runTest(SuiteRunner.java:380)
	at org.testng.SuiteRunner.runSequentially(SuiteRunner.java:375)
	at org.testng.SuiteRunner.privateRun(SuiteRunner.java:340)
	at org.testng.SuiteRunner.run(SuiteRunner.java:289)
	at org.testng.SuiteRunnerWorker.runSuite(SuiteRunnerWorker.java:52)
	at org.testng.SuiteRunnerWorker.run(SuiteRunnerWorker.java:86)
	at org.testng.TestNG.runSuitesSequentially(TestNG.java:1301)
	at org.testng.TestNG.runSuitesLocally(TestNG.java:1226)
	at org.testng.TestNG.runSuites(TestNG.java:1144)
	at org.testng.TestNG.run(TestNG.java:1115)
	at org.testng.remote.AbstractRemoteTestNG.run(AbstractRemoteTestNG.java:115)
	at org.testng.remote.RemoteTestNG.initAndRun(RemoteTestNG.java:251)
	at org.testng.remote.RemoteTestNG.main(RemoteTestNG.java:77)
</pre></div></td>
<td>7</td>
<td>com.amc.qa.testcases.TPVolumesTestCases@61f8bee4</td></tr>
<tr>
<td title='com.amc.qa.testcases.TPVolumesTestCases.ValidateTradingPartnerDropDownOptions()'><b>ValidateTradingPartnerDropDownOptions</b><br>Test class: com.amc.qa.testcases.TPVolumesTestCases</td>
<td><div><pre>java.lang.AssertionError: lists don&apos;t have the same size expected [22] but found [18]
	at com.amc.qa.testcases.TPVolumesTestCases.ValidateTradingPartnerDropDownOptions(TPVolumesTestCases.java:76)
... Removed 32 stack frames</pre></div><a href='#' onClick='toggleBox("stack-trace1829194516", this, "Click to show all stack frames", "Click to hide stack frames")'>Click to show all stack frames</a>
<div class='stack-trace' id='stack-trace1829194516'><pre>java.lang.AssertionError: lists don&apos;t have the same size expected [22] but found [18]
	at org.testng.Assert.fail(Assert.java:93)
	at org.testng.Assert.failNotEquals(Assert.java:512)
	at org.testng.Assert.assertEqualsImpl(Assert.java:134)
	at org.testng.Assert.assertEquals(Assert.java:115)
	at org.testng.Assert.assertEquals(Assert.java:388)
	at org.testng.Assert.assertEquals(Assert.java:555)
	at org.testng.Assert.assertEquals(Assert.java:532)
	at com.amc.qa.testcases.TPVolumesTestCases.ValidateTradingPartnerDropDownOptions(TPVolumesTestCases.java:76)
	at sun.reflect.NativeMethodAccessorImpl.invoke0(Native Method)
	at sun.reflect.NativeMethodAccessorImpl.invoke(NativeMethodAccessorImpl.java:62)
	at sun.reflect.DelegatingMethodAccessorImpl.invoke(DelegatingMethodAccessorImpl.java:43)
	at java.lang.reflect.Method.invoke(Method.java:498)
	at org.testng.internal.MethodInvocationHelper.invokeMethod(MethodInvocationHelper.java:108)
	at org.testng.internal.Invoker.invokeMethod(Invoker.java:661)
	at org.testng.internal.Invoker.invokeTestMethod(Invoker.java:869)
	at org.testng.internal.Invoker.invokeTestMethods(Invoker.java:1193)
	at org.testng.internal.TestMethodWorker.invokeTestMethods(TestMethodWorker.java:126)
	at org.testng.internal.TestMethodWorker.run(TestMethodWorker.java:109)
	at org.testng.TestRunner.privateRun(TestRunner.java:744)
	at org.testng.TestRunner.run(TestRunner.java:602)
	at org.testng.SuiteRunner.runTest(SuiteRunner.java:380)
	at org.testng.SuiteRunner.runSequentially(SuiteRunner.java:375)
	at org.testng.SuiteRunner.privateRun(SuiteRunner.java:340)
	at org.testng.SuiteRunner.run(SuiteRunner.java:289)
	at org.testng.SuiteRunnerWorker.runSuite(SuiteRunnerWorker.java:52)
	at org.testng.SuiteRunnerWorker.run(SuiteRunnerWorker.java:86)
	at org.testng.TestNG.runSuitesSequentially(TestNG.java:1301)
	at org.testng.TestNG.runSuitesLocally(TestNG.java:1226)
	at org.testng.TestNG.runSuites(TestNG.java:1144)
	at org.testng.TestNG.run(TestNG.java:1115)
	at org.testng.remote.AbstractRemoteTestNG.run(AbstractRemoteTestNG.java:115)
	at org.testng.remote.RemoteTestNG.initAndRun(RemoteTestNG.java:251)
	at org.testng.remote.RemoteTestNG.main(RemoteTestNG.java:77)
</pre></div></td>
<td>11</td>
<td>com.amc.qa.testcases.TPVolumesTestCases@61f8bee4</td></tr>
<tr>
<td title='com.amc.qa.testcases.WarHouseVolumePageTestCases.validateDocumentTypeDropDownOptions()'><b>validateDocumentTypeDropDownOptions</b><br>Test class: com.amc.qa.testcases.WarHouseVolumePageTestCases</td>
<td><div><pre>java.lang.AssertionError: lists don&apos;t have the same size expected [23] but found [22]
	at com.amc.qa.testcases.WarHouseVolumePageTestCases.validateDocumentTypeDropDownOptions(WarHouseVolumePageTestCases.java:120)
... Removed 32 stack frames</pre></div><a href='#' onClick='toggleBox("stack-trace1974379194", this, "Click to show all stack frames", "Click to hide stack frames")'>Click to show all stack frames</a>
<div class='stack-trace' id='stack-trace1974379194'><pre>java.lang.AssertionError: lists don&apos;t have the same size expected [23] but found [22]
	at org.testng.Assert.fail(Assert.java:93)
	at org.testng.Assert.failNotEquals(Assert.java:512)
	at org.testng.Assert.assertEqualsImpl(Assert.java:134)
	at org.testng.Assert.assertEquals(Assert.java:115)
	at org.testng.Assert.assertEquals(Assert.java:388)
	at org.testng.Assert.assertEquals(Assert.java:555)
	at org.testng.Assert.assertEquals(Assert.java:532)
	at com.amc.qa.testcases.WarHouseVolumePageTestCases.validateDocumentTypeDropDownOptions(WarHouseVolumePageTestCases.java:120)
	at sun.reflect.NativeMethodAccessorImpl.invoke0(Native Method)
	at sun.reflect.NativeMethodAccessorImpl.invoke(NativeMethodAccessorImpl.java:62)
	at sun.reflect.DelegatingMethodAccessorImpl.invoke(DelegatingMethodAccessorImpl.java:43)
	at java.lang.reflect.Method.invoke(Method.java:498)
	at org.testng.internal.MethodInvocationHelper.invokeMethod(MethodInvocationHelper.java:108)
	at org.testng.internal.Invoker.invokeMethod(Invoker.java:661)
	at org.testng.internal.Invoker.invokeTestMethod(Invoker.java:869)
	at org.testng.internal.Invoker.invokeTestMethods(Invoker.java:1193)
	at org.testng.internal.TestMethodWorker.invokeTestMethods(TestMethodWorker.java:126)
	at org.testng.internal.TestMethodWorker.run(TestMethodWorker.java:109)
	at org.testng.TestRunner.privateRun(TestRunner.java:744)
	at org.testng.TestRunner.run(TestRunner.java:602)
	at org.testng.SuiteRunner.runTest(SuiteRunner.java:380)
	at org.testng.SuiteRunner.runSequentially(SuiteRunner.java:375)
	at org.testng.SuiteRunner.privateRun(SuiteRunner.java:340)
	at org.testng.SuiteRunner.run(SuiteRunner.java:289)
	at org.testng.SuiteRunnerWorker.runSuite(SuiteRunnerWorker.java:52)
	at org.testng.SuiteRunnerWorker.run(SuiteRunnerWorker.java:86)
	at org.testng.TestNG.runSuitesSequentially(TestNG.java:1301)
	at org.testng.TestNG.runSuitesLocally(TestNG.java:1226)
	at org.testng.TestNG.runSuites(TestNG.java:1144)
	at org.testng.TestNG.run(TestNG.java:1115)
	at org.testng.remote.AbstractRemoteTestNG.run(AbstractRemoteTestNG.java:115)
	at org.testng.remote.RemoteTestNG.initAndRun(RemoteTestNG.java:251)
	at org.testng.remote.RemoteTestNG.main(RemoteTestNG.java:77)
</pre></div></td>
<td>6</td>
<td>com.amc.qa.testcases.WarHouseVolumePageTestCases@7b49cea0</td></tr>
<tr>
<td title='com.amc.qa.testcases.WarHouseOrderManagementPageTestCases.validateWarHouseOrderManagementAddFilterBtnAlertMessage()'><b>validateWarHouseOrderManagementAddFilterBtnAlertMessage</b><br>Test class: com.amc.qa.testcases.WarHouseOrderManagementPageTestCases</td>
<td><div><pre>org.openqa.selenium.NoAlertPresentException: no such alert
  (Session info: chrome=103.0.5060.134)
Build info: version: &apos;3.14.0&apos;, revision: &apos;aacccce0&apos;, time: &apos;2018-08-02T20:19:58.91Z&apos;
System info: host: &apos;MC100032220&apos;, ip: &apos;172.17.12.44&apos;, os.name: &apos;Windows 10&apos;, os.arch: &apos;amd64&apos;, os.version: &apos;10.0&apos;, java.version: &apos;1.8.0_333&apos;
Driver info: org.openqa.selenium.chrome.ChromeDriver
Capabilities {acceptInsecureCerts: false, browserName: chrome, browserVersion: 103.0.5060.134, chrome: {chromedriverVersion: 103.0.5060.53 (a1711811edd7..., userDataDir: C:\Users\hanupoju\AppData\L...}, goog:chromeOptions: {debuggerAddress: localhost:61976}, javascriptEnabled: true, networkConnectionEnabled: false, pageLoadStrategy: normal, platform: WINDOWS, platformName: WINDOWS, proxy: Proxy(), setWindowRect: true, strictFileInteractability: false, timeouts: {implicit: 0, pageLoad: 300000, script: 30000}, unhandledPromptBehavior: dismiss and notify, webauthn:extension:credBlob: true, webauthn:extension:largeBlob: true, webauthn:virtualAuthenticators: true}
Session ID: 31503d2cfb6599a3abcbe5b31d6207e2
	at org.openqa.selenium.remote.http.W3CHttpResponseCodec.createException(W3CHttpResponseCodec.java:187)
	at org.openqa.selenium.remote.http.W3CHttpResponseCodec.decode(W3CHttpResponseCodec.java:122)
	at org.openqa.selenium.remote.http.W3CHttpResponseCodec.decode(W3CHttpResponseCodec.java:49)
	at org.openqa.selenium.remote.HttpCommandExecutor.execute(HttpCommandExecutor.java:158)
	at org.openqa.selenium.remote.service.DriverCommandExecutor.execute(DriverCommandExecutor.java:83)
	at org.openqa.selenium.remote.RemoteWebDriver.execute(RemoteWebDriver.java:548)
	at org.openqa.selenium.remote.RemoteWebDriver.execute(RemoteWebDriver.java:605)
	at org.openqa.selenium.remote.RemoteWebDriver$RemoteTargetLocator.alert(RemoteWebDriver.java:928)
	at org.openqa.selenium.support.events.EventFiringWebDriver$EventFiringTargetLocator.alert(EventFiringWebDriver.java:734)
	at com.amc.qa.pages.WarHouseOrderManagementPage.validateWarHouseOrderManagementAddFilterAlertMessage(WarHouseOrderManagementPage.java:108)
	at com.amc.qa.testcases.WarHouseOrderManagementPageTestCases.validateWarHouseOrderManagementAddFilterBtnAlertMessage(WarHouseOrderManagementPageTestCases.java:51)
... Removed 29 stack frames</pre></div><a href='#' onClick='toggleBox("stack-trace406183058", this, "Click to show all stack frames", "Click to hide stack frames")'>Click to show all stack frames</a>
<div class='stack-trace' id='stack-trace406183058'><pre>org.openqa.selenium.NoAlertPresentException: no such alert
  (Session info: chrome=103.0.5060.134)
Build info: version: &apos;3.14.0&apos;, revision: &apos;aacccce0&apos;, time: &apos;2018-08-02T20:19:58.91Z&apos;
System info: host: &apos;MC100032220&apos;, ip: &apos;172.17.12.44&apos;, os.name: &apos;Windows 10&apos;, os.arch: &apos;amd64&apos;, os.version: &apos;10.0&apos;, java.version: &apos;1.8.0_333&apos;
Driver info: org.openqa.selenium.chrome.ChromeDriver
Capabilities {acceptInsecureCerts: false, browserName: chrome, browserVersion: 103.0.5060.134, chrome: {chromedriverVersion: 103.0.5060.53 (a1711811edd7..., userDataDir: C:\Users\hanupoju\AppData\L...}, goog:chromeOptions: {debuggerAddress: localhost:61976}, javascriptEnabled: true, networkConnectionEnabled: false, pageLoadStrategy: normal, platform: WINDOWS, platformName: WINDOWS, proxy: Proxy(), setWindowRect: true, strictFileInteractability: false, timeouts: {implicit: 0, pageLoad: 300000, script: 30000}, unhandledPromptBehavior: dismiss and notify, webauthn:extension:credBlob: true, webauthn:extension:largeBlob: true, webauthn:virtualAuthenticators: true}
Session ID: 31503d2cfb6599a3abcbe5b31d6207e2
	at sun.reflect.NativeConstructorAccessorImpl.newInstance0(Native Method)
	at sun.reflect.NativeConstructorAccessorImpl.newInstance(NativeConstructorAccessorImpl.java:62)
	at sun.reflect.DelegatingConstructorAccessorImpl.newInstance(DelegatingConstructorAccessorImpl.java:45)
	at java.lang.reflect.Constructor.newInstance(Constructor.java:423)
	at org.openqa.selenium.remote.http.W3CHttpResponseCodec.createException(W3CHttpResponseCodec.java:187)
	at org.openqa.selenium.remote.http.W3CHttpResponseCodec.decode(W3CHttpResponseCodec.java:122)
	at org.openqa.selenium.remote.http.W3CHttpResponseCodec.decode(W3CHttpResponseCodec.java:49)
	at org.openqa.selenium.remote.HttpCommandExecutor.execute(HttpCommandExecutor.java:158)
	at org.openqa.selenium.remote.service.DriverCommandExecutor.execute(DriverCommandExecutor.java:83)
	at org.openqa.selenium.remote.RemoteWebDriver.execute(RemoteWebDriver.java:548)
	at org.openqa.selenium.remote.RemoteWebDriver.execute(RemoteWebDriver.java:605)
	at org.openqa.selenium.remote.RemoteWebDriver$RemoteTargetLocator.alert(RemoteWebDriver.java:928)
	at org.openqa.selenium.support.events.EventFiringWebDriver$EventFiringTargetLocator.alert(EventFiringWebDriver.java:734)
	at com.amc.qa.pages.WarHouseOrderManagementPage.validateWarHouseOrderManagementAddFilterAlertMessage(WarHouseOrderManagementPage.java:108)
	at com.amc.qa.testcases.WarHouseOrderManagementPageTestCases.validateWarHouseOrderManagementAddFilterBtnAlertMessage(WarHouseOrderManagementPageTestCases.java:51)
	at sun.reflect.NativeMethodAccessorImpl.invoke0(Native Method)
	at sun.reflect.NativeMethodAccessorImpl.invoke(NativeMethodAccessorImpl.java:62)
	at sun.reflect.DelegatingMethodAccessorImpl.invoke(DelegatingMethodAccessorImpl.java:43)
	at java.lang.reflect.Method.invoke(Method.java:498)
	at org.testng.internal.MethodInvocationHelper.invokeMethod(MethodInvocationHelper.java:108)
	at org.testng.internal.Invoker.invokeMethod(Invoker.java:661)
	at org.testng.internal.Invoker.invokeTestMethod(Invoker.java:869)
	at org.testng.internal.Invoker.invokeTestMethods(Invoker.java:1193)
	at org.testng.internal.TestMethodWorker.invokeTestMethods(TestMethodWorker.java:126)
	at org.testng.internal.TestMethodWorker.run(TestMethodWorker.java:109)
	at org.testng.TestRunner.privateRun(TestRunner.java:744)
	at org.testng.TestRunner.run(TestRunner.java:602)
	at org.testng.SuiteRunner.runTest(SuiteRunner.java:380)
	at org.testng.SuiteRunner.runSequentially(SuiteRunner.java:375)
	at org.testng.SuiteRunner.privateRun(SuiteRunner.java:340)
	at org.testng.SuiteRunner.run(SuiteRunner.java:289)
	at org.testng.SuiteRunnerWorker.runSuite(SuiteRunnerWorker.java:52)
	at org.testng.SuiteRunnerWorker.run(SuiteRunnerWorker.java:86)
	at org.testng.TestNG.runSuitesSequentially(TestNG.java:1301)
	at org.testng.TestNG.runSuitesLocally(TestNG.java:1226)
	at org.testng.TestNG.runSuites(TestNG.java:1144)
	at org.testng.TestNG.run(TestNG.java:1115)
	at org.testng.remote.AbstractRemoteTestNG.run(AbstractRemoteTestNG.java:115)
	at org.testng.remote.RemoteTestNG.initAndRun(RemoteTestNG.java:251)
	at org.testng.remote.RemoteTestNG.main(RemoteTestNG.java:77)
</pre></div></td>
<td>10</td>
<td>com.amc.qa.testcases.WarHouseOrderManagementPageTestCases@887af79</td></tr>
<tr>
<td title='com.amc.qa.testcases.WarHouseVolumePageTestCases.validateWarehoueDropDownValues()'><b>validateWarehoueDropDownValues</b><br>Test class: com.amc.qa.testcases.WarHouseVolumePageTestCases</td>
<td><div><pre>java.lang.AssertionError: lists don&apos;t have the same size expected [8] but found [6]
	at com.amc.qa.testcases.WarHouseVolumePageTestCases.validateWarehoueDropDownValues(WarHouseVolumePageTestCases.java:96)
... Removed 32 stack frames</pre></div><a href='#' onClick='toggleBox("stack-trace703315444", this, "Click to show all stack frames", "Click to hide stack frames")'>Click to show all stack frames</a>
<div class='stack-trace' id='stack-trace703315444'><pre>java.lang.AssertionError: lists don&apos;t have the same size expected [8] but found [6]
	at org.testng.Assert.fail(Assert.java:93)
	at org.testng.Assert.failNotEquals(Assert.java:512)
	at org.testng.Assert.assertEqualsImpl(Assert.java:134)
	at org.testng.Assert.assertEquals(Assert.java:115)
	at org.testng.Assert.assertEquals(Assert.java:388)
	at org.testng.Assert.assertEquals(Assert.java:555)
	at org.testng.Assert.assertEquals(Assert.java:532)
	at com.amc.qa.testcases.WarHouseVolumePageTestCases.validateWarehoueDropDownValues(WarHouseVolumePageTestCases.java:96)
	at sun.reflect.NativeMethodAccessorImpl.invoke0(Native Method)
	at sun.reflect.NativeMethodAccessorImpl.invoke(NativeMethodAccessorImpl.java:62)
	at sun.reflect.DelegatingMethodAccessorImpl.invoke(DelegatingMethodAccessorImpl.java:43)
	at java.lang.reflect.Method.invoke(Method.java:498)
	at org.testng.internal.MethodInvocationHelper.invokeMethod(MethodInvocationHelper.java:108)
	at org.testng.internal.Invoker.invokeMethod(Invoker.java:661)
	at org.testng.internal.Invoker.invokeTestMethod(Invoker.java:869)
	at org.testng.internal.Invoker.invokeTestMethods(Invoker.java:1193)
	at org.testng.internal.TestMethodWorker.invokeTestMethods(TestMethodWorker.java:126)
	at org.testng.internal.TestMethodWorker.run(TestMethodWorker.java:109)
	at org.testng.TestRunner.privateRun(TestRunner.java:744)
	at org.testng.TestRunner.run(TestRunner.java:602)
	at org.testng.SuiteRunner.runTest(SuiteRunner.java:380)
	at org.testng.SuiteRunner.runSequentially(SuiteRunner.java:375)
	at org.testng.SuiteRunner.privateRun(SuiteRunner.java:340)
	at org.testng.SuiteRunner.run(SuiteRunner.java:289)
	at org.testng.SuiteRunnerWorker.runSuite(SuiteRunnerWorker.java:52)
	at org.testng.SuiteRunnerWorker.run(SuiteRunnerWorker.java:86)
	at org.testng.TestNG.runSuitesSequentially(TestNG.java:1301)
	at org.testng.TestNG.runSuitesLocally(TestNG.java:1226)
	at org.testng.TestNG.runSuites(TestNG.java:1144)
	at org.testng.TestNG.run(TestNG.java:1115)
	at org.testng.remote.AbstractRemoteTestNG.run(AbstractRemoteTestNG.java:115)
	at org.testng.remote.RemoteTestNG.initAndRun(RemoteTestNG.java:251)
	at org.testng.remote.RemoteTestNG.main(RemoteTestNG.java:77)
</pre></div></td>
<td>6</td>
<td>com.amc.qa.testcases.WarHouseVolumePageTestCases@7b49cea0</td></tr>
</table><p>
<table width='100%' border='1' class='invocation-passed'>
<tr><td colspan='4' align='center'><b>PASSED TESTS</b></td></tr>
<tr><td><b>Test method</b></td>
<td width="30%"><b>Exception</b></td>
<td width="10%"><b>Time (seconds)</b></td>
<td><b>Instance</b></td>
</tr>
<tr>
<td title='com.amc.qa.testcases.TPVolumesTestCases.GenerateTPVolumesData()'><b>GenerateTPVolumesData</b><br>Test class: com.amc.qa.testcases.TPVolumesTestCases</td>
<td></td>
<td>14</td>
<td>com.amc.qa.testcases.TPVolumesTestCases@61f8bee4</td></tr>
<tr>
<td title='com.amc.qa.testcases.AMCLogInTestCases.LoginwithInvalidCredentials()'><b>LoginwithInvalidCredentials</b><br>Test class: com.amc.qa.testcases.AMCLogInTestCases</td>
<td></td>
<td>2</td>
<td>com.amc.qa.testcases.AMCLogInTestCases@4f970963</td></tr>
<tr>
<td title='com.amc.qa.testcases.AMCLogInTestCases.LoginwithValidCredenticals()'><b>LoginwithValidCredenticals</b><br>Test class: com.amc.qa.testcases.AMCLogInTestCases</td>
<td></td>
<td>2</td>
<td>com.amc.qa.testcases.AMCLogInTestCases@4f970963</td></tr>
<tr>
<td title='com.amc.qa.testcases.DocumentRepositoryPageTestCases.ValidateDocRepositoryAddFilterBtnAlertMessage()'><b>ValidateDocRepositoryAddFilterBtnAlertMessage</b><br>Test class: com.amc.qa.testcases.DocumentRepositoryPageTestCases</td>
<td></td>
<td>10</td>
<td>com.amc.qa.testcases.DocumentRepositoryPageTestCases@7fac631b</td></tr>
<tr>
<td title='com.amc.qa.testcases.DocumentRepositoryPageTestCases.ValidateDocRepositoryCorrelationdropdown()'><b>ValidateDocRepositoryCorrelationdropdown</b><br>Test class: com.amc.qa.testcases.DocumentRepositoryPageTestCases</td>
<td></td>
<td>4</td>
<td>com.amc.qa.testcases.DocumentRepositoryPageTestCases@7fac631b</td></tr>
<tr>
<td title='com.amc.qa.testcases.DocumentRepositoryPageTestCases.ValidateDocRepositoryDataBaseRadioBtns()'><b>ValidateDocRepositoryDataBaseRadioBtns</b><br>Test class: com.amc.qa.testcases.DocumentRepositoryPageTestCases</td>
<td></td>
<td>2</td>
<td>com.amc.qa.testcases.DocumentRepositoryPageTestCases@7fac631b</td></tr>
<tr>
<td title='com.amc.qa.testcases.DocumentRepositoryPageTestCases.ValidateDocRepositoryDocumentTypedropdown()'><b>ValidateDocRepositoryDocumentTypedropdown</b><br>Test class: com.amc.qa.testcases.DocumentRepositoryPageTestCases</td>
<td></td>
<td>4</td>
<td>com.amc.qa.testcases.DocumentRepositoryPageTestCases@7fac631b</td></tr>
<tr>
<td title='com.amc.qa.testcases.DocumentRepositoryPageTestCases.ValidateDocRepositoryReceiverdropdown()'><b>ValidateDocRepositoryReceiverdropdown</b><br>Test class: com.amc.qa.testcases.DocumentRepositoryPageTestCases</td>
<td></td>
<td>4</td>
<td>com.amc.qa.testcases.DocumentRepositoryPageTestCases@7fac631b</td></tr>
<tr>
<td title='com.amc.qa.testcases.DocumentRepositoryPageTestCases.ValidateDocRepositorySenderdropdown()'><b>ValidateDocRepositorySenderdropdown</b><br>Test class: com.amc.qa.testcases.DocumentRepositoryPageTestCases</td>
<td></td>
<td>4</td>
<td>com.amc.qa.testcases.DocumentRepositoryPageTestCases@7fac631b</td></tr>
<tr>
<td title='com.amc.qa.testcases.DocumentRepositoryPageTestCases.ValidateDocRepositoryStatusdropdown()'><b>ValidateDocRepositoryStatusdropdown</b><br>Test class: com.amc.qa.testcases.DocumentRepositoryPageTestCases</td>
<td></td>
<td>4</td>
<td>com.amc.qa.testcases.DocumentRepositoryPageTestCases@7fac631b</td></tr>
<tr>
<td title='com.amc.qa.testcases.DocumentRepositoryPageTestCases.ValidateDocRepositoryWarHousedropdown()'><b>ValidateDocRepositoryWarHousedropdown</b><br>Test class: com.amc.qa.testcases.DocumentRepositoryPageTestCases</td>
<td></td>
<td>4</td>
<td>com.amc.qa.testcases.DocumentRepositoryPageTestCases@7fac631b</td></tr>
<tr>
<td title='com.amc.qa.testcases.TPVolumesTestCases.ValidateStatusDropDownOptions()'><b>ValidateStatusDropDownOptions</b><br>Test class: com.amc.qa.testcases.TPVolumesTestCases</td>
<td></td>
<td>7</td>
<td>com.amc.qa.testcases.TPVolumesTestCases@61f8bee4</td></tr>
<tr>
<td title='com.amc.qa.testcases.AMCLogInTestCases.VerifyForgotPasswordButton()'><b>VerifyForgotPasswordButton</b><br>Test class: com.amc.qa.testcases.AMCLogInTestCases</td>
<td></td>
<td>6</td>
<td>com.amc.qa.testcases.AMCLogInTestCases@4f970963</td></tr>
<tr>
<td title='com.amc.qa.testcases.AMCLogInTestCases.VerifyForgotUsernameButton()'><b>VerifyForgotUsernameButton</b><br>Test class: com.amc.qa.testcases.AMCLogInTestCases</td>
<td></td>
<td>6</td>
<td>com.amc.qa.testcases.AMCLogInTestCases@4f970963</td></tr>
<tr>
<td title='com.amc.qa.testcases.AMCLogInTestCases.VerifyTPVolumes()'><b>VerifyTPVolumes</b><br>Test class: com.amc.qa.testcases.AMCLogInTestCases</td>
<td></td>
<td>4</td>
<td>com.amc.qa.testcases.AMCLogInTestCases@4f970963</td></tr>
<tr>
<td title='com.amc.qa.testcases.TPVolumesTestCases.VerifyTPVolumesPage()'><b>VerifyTPVolumesPage</b><br>Test class: com.amc.qa.testcases.TPVolumesTestCases</td>
<td></td>
<td>13</td>
<td>com.amc.qa.testcases.TPVolumesTestCases@61f8bee4</td></tr>
<tr>
<td title='com.amc.qa.testcases.WarHouseVolumePageTestCases.generateWarHouseVolumeData()'><b>generateWarHouseVolumeData</b><br>Test class: com.amc.qa.testcases.WarHouseVolumePageTestCases</td>
<td></td>
<td>13</td>
<td>com.amc.qa.testcases.WarHouseVolumePageTestCases@7b49cea0</td></tr>
<tr>
<td title='com.amc.qa.testcases.WarHouseVolumePageTestCases.validateStatusDropDownOptions()'><b>validateStatusDropDownOptions</b><br>Test class: com.amc.qa.testcases.WarHouseVolumePageTestCases</td>
<td></td>
<td>6</td>
<td>com.amc.qa.testcases.WarHouseVolumePageTestCases@7b49cea0</td></tr>
<tr>
<td title='com.amc.qa.testcases.WarHouseVolumePageTestCases.validateWMSSystemDropDownValues()'><b>validateWMSSystemDropDownValues</b><br>Test class: com.amc.qa.testcases.WarHouseVolumePageTestCases</td>
<td></td>
<td>6</td>
<td>com.amc.qa.testcases.WarHouseVolumePageTestCases@7b49cea0</td></tr>
<tr>
<td title='com.amc.qa.testcases.WarHouseOrderManagementPageTestCases.validateWarHouseOrderManagementCorrelationdropdown()'><b>validateWarHouseOrderManagementCorrelationdropdown</b><br>Test class: com.amc.qa.testcases.WarHouseOrderManagementPageTestCases</td>
<td></td>
<td>4</td>
<td>com.amc.qa.testcases.WarHouseOrderManagementPageTestCases@887af79</td></tr>
<tr>
<td title='com.amc.qa.testcases.WarHouseOrderManagementPageTestCases.validateWarHouseOrderManagementDocumentTypedropdown()'><b>validateWarHouseOrderManagementDocumentTypedropdown</b><br>Test class: com.amc.qa.testcases.WarHouseOrderManagementPageTestCases</td>
<td></td>
<td>4</td>
<td>com.amc.qa.testcases.WarHouseOrderManagementPageTestCases@887af79</td></tr>
<tr>
<td title='com.amc.qa.testcases.WarHouseOrderManagementPageTestCases.validateWarHouseOrderManagementReceiverdropdown()'><b>validateWarHouseOrderManagementReceiverdropdown</b><br>Test class: com.amc.qa.testcases.WarHouseOrderManagementPageTestCases</td>
<td></td>
<td>4</td>
<td>com.amc.qa.testcases.WarHouseOrderManagementPageTestCases@887af79</td></tr>
<tr>
<td title='com.amc.qa.testcases.WarHouseOrderManagementPageTestCases.validateWarHouseOrderManagementSenderdropdown()'><b>validateWarHouseOrderManagementSenderdropdown</b><br>Test class: com.amc.qa.testcases.WarHouseOrderManagementPageTestCases</td>
<td></td>
<td>4</td>
<td>com.amc.qa.testcases.WarHouseOrderManagementPageTestCases@887af79</td></tr>
<tr>
<td title='com.amc.qa.testcases.WarHouseOrderManagementPageTestCases.validateWarHouseOrderManagementStatusdropdown()'><b>validateWarHouseOrderManagementStatusdropdown</b><br>Test class: com.amc.qa.testcases.WarHouseOrderManagementPageTestCases</td>
<td></td>
<td>4</td>
<td>com.amc.qa.testcases.WarHouseOrderManagementPageTestCases@887af79</td></tr>
<tr>
<td title='com.amc.qa.testcases.WarHouseOrderManagementPageTestCases.validateWarHouseOrderManagementWarHousedropdown()'><b>validateWarHouseOrderManagementWarHousedropdown</b><br>Test class: com.amc.qa.testcases.WarHouseOrderManagementPageTestCases</td>
<td></td>
<td>4</td>
<td>com.amc.qa.testcases.WarHouseOrderManagementPageTestCases@887af79</td></tr>
<tr>
<td title='com.amc.qa.testcases.WarHouseOrderManagementPageTestCases.validateWarHouseOrderManagementdataBaseRadioBtns()'><b>validateWarHouseOrderManagementdataBaseRadioBtns</b><br>Test class: com.amc.qa.testcases.WarHouseOrderManagementPageTestCases</td>
<td></td>
<td>2</td>
<td>com.amc.qa.testcases.WarHouseOrderManagementPageTestCases@887af79</td></tr>
<tr>
<td title='com.amc.qa.testcases.WarHouseOrderManagementPageTestCases.verifyDocmentRepositoryPageTitle()'><b>verifyDocmentRepositoryPageTitle</b><br>Test class: com.amc.qa.testcases.WarHouseOrderManagementPageTestCases</td>
<td></td>
<td>2</td>
<td>com.amc.qa.testcases.WarHouseOrderManagementPageTestCases@887af79</td></tr>
<tr>
<td title='com.amc.qa.testcases.DocumentRepositoryPageTestCases.verifyDocmentRepositoryPageTitle()'><b>verifyDocmentRepositoryPageTitle</b><br>Test class: com.amc.qa.testcases.DocumentRepositoryPageTestCases</td>
<td></td>
<td>2</td>
<td>com.amc.qa.testcases.DocumentRepositoryPageTestCases@7fac631b</td></tr>
</table><p>
</body>
</html>